<?xml version="1.0" encoding="UTF-8"?>
<testng-results skipped="0" failed="0" ignored="0" total="1" passed="1">
  <reporter-output>
  </reporter-output>
  <suite name="Suite" duration-ms="65" started-at="2018-10-26T13:45:13Z" finished-at="2018-10-26T13:45:13Z">
    <groups>
    </groups>
    <test name="Test" duration-ms="65" started-at="2018-10-26T13:45:13Z" finished-at="2018-10-26T13:45:13Z">
      <class name="test.test">
        <test-method status="PASS" signature="test()[pri:0, instance:test.test@464bee09]" name="test" duration-ms="20" started-at="2018-10-26T13:45:13Z" finished-at="2018-10-26T13:45:13Z">
          <reporter-output>
          </reporter-output>
        </test-method> <!-- test -->
      </class> <!-- test.test -->
    </test> <!-- Test -->
  </suite> <!-- Suite -->
</testng-results>
